SF:lib/Model/Map/place.dart
DA:7,3
DA:11,2
DA:12,2
DA:13,2
DA:14,2
DA:20,2
DA:21,2
DA:22,6
DA:23,6
DA:24,2
LF:10
LH:10
end_of_record
SF:lib/ViewModel/map_view_model.dart
DA:30,1
DA:34,0
DA:35,0
DA:38,0
DA:46,0
DA:47,0
DA:48,0
DA:57,1
DA:58,6
DA:59,2
DA:64,1
DA:65,4
DA:71,1
DA:72,2
DA:73,4
DA:75,3
DA:76,2
DA:82,1
DA:83,2
DA:87,1
DA:88,4
DA:89,2
DA:90,1
DA:91,3
DA:92,3
DA:95,2
DA:96,2
DA:101,1
DA:102,2
DA:103,2
DA:104,2
DA:108,1
DA:109,2
DA:110,1
DA:114,3
DA:117,3
DA:123,2
LF:37
LH:31
end_of_record
SF:lib/Model/Services/map_service.dart
DA:13,1
DA:14,2
DA:15,2
DA:16,3
DA:17,4
DA:24,1
DA:25,2
DA:26,2
DA:27,2
DA:28,1
DA:29,1
DA:30,1
DA:32,1
DA:36,0
DA:37,0
LF:15
LH:13
end_of_record
SF:lib/Model/Services/user_service.dart
DA:19,1
DA:20,2
DA:21,6
DA:22,1
DA:23,1
DA:24,5
DA:25,6
DA:26,1
DA:32,1
DA:33,2
LF:10
LH:10
end_of_record
SF:lib/Model/Services/firestore_service.dart
DA:29,12
DA:37,1
DA:38,5
DA:39,1
DA:41,2
DA:44,2
DA:46,5
DA:53,1
DA:54,5
DA:56,1
DA:57,3
DA:59,5
DA:63,1
DA:64,5
DA:65,6
DA:69,1
DA:70,3
DA:75,2
DA:76,12
DA:85,1
DA:86,3
DA:87,2
DA:88,1
DA:91,2
DA:93,2
DA:94,2
DA:95,2
DA:98,9
DA:101,9
DA:104,2
DA:105,2
DA:107,2
DA:108,4
DA:109,2
DA:113,9
DA:122,2
DA:123,8
DA:124,12
DA:125,2
DA:128,6
DA:135,1
DA:136,5
DA:137,3
DA:138,2
DA:139,0
DA:140,0
DA:145,1
DA:146,1
DA:147,1
DA:148,1
DA:149,6
DA:153,1
DA:154,4
DA:162,1
DA:163,4
DA:164,1
DA:165,1
DA:166,1
DA:167,1
DA:168,4
DA:169,2
DA:170,3
DA:175,2
DA:176,12
DA:180,1
DA:181,5
DA:182,2
DA:183,2
DA:184,3
DA:185,2
DA:187,5
DA:193,1
DA:194,12
DA:201,1
DA:203,9
DA:205,9
DA:207,10
DA:209,10
DA:211,2
DA:213,1
DA:214,2
DA:215,2
DA:217,1
DA:220,1
DA:221,2
DA:222,2
DA:224,1
DA:227,5
DA:231,1
DA:232,10
DA:234,11
DA:236,2
DA:237,1
DA:238,1
DA:239,5
DA:240,2
DA:245,1
DA:246,10
DA:254,1
DA:255,10
DA:256,11
DA:258,2
DA:262,2
DA:263,1
DA:265,2
DA:267,3
DA:268,4
DA:269,5
DA:274,1
DA:275,1
DA:277,11
DA:278,2
DA:279,2
DA:286,1
DA:287,7
DA:288,9
DA:289,6
DA:290,6
DA:294,1
DA:295,7
DA:302,1
DA:303,9
DA:308,1
DA:309,7
DA:316,1
DA:317,9
DA:322,1
DA:323,9
DA:324,2
DA:325,2
DA:326,2
DA:331,1
DA:332,9
DA:333,2
DA:339,1
DA:340,7
LF:136
LH:134
end_of_record
SF:lib/Model/Chat/chat.dart
DA:48,14
DA:55,2
DA:56,20
DA:57,2
DA:58,5
DA:59,2
DA:61,3
DA:62,3
DA:63,2
DA:67,3
DA:73,2
DA:74,4
DA:75,6
DA:79,2
DA:82,2
LF:15
LH:15
end_of_record
SF:lib/Model/Chat/pending_chat.dart
DA:16,7
DA:17,7
DA:27,3
DA:28,3
DA:29,3
DA:30,3
DA:31,3
DA:32,3
DA:33,6
LF:9
LH:9
end_of_record
SF:lib/Model/DBItems/BaseUser/base_user.dart
DA:9,19
DA:10,19
DA:13,3
DA:14,3
DA:15,3
DA:16,3
DA:17,3
DA:18,6
DA:19,3
DA:23,3
DA:25,6
DA:26,6
DA:27,6
DA:28,9
DA:29,6
DA:32,8
DA:34,8
DA:35,8
DA:36,8
DA:37,8
DA:38,8
DA:39,8
LF:22
LH:22
end_of_record
SF:lib/Model/DBItems/BaseUser/diary_page.dart
DA:12,18
DA:15,3
DA:16,3
DA:17,3
DA:18,3
DA:19,3
DA:20,6
DA:21,3
DA:25,6
DA:27,6
DA:28,6
DA:29,6
DA:30,6
DA:31,6
DA:32,6
LF:15
LH:15
end_of_record
SF:lib/Model/DBItems/BaseUser/report.dart
DA:11,18
DA:14,3
DA:15,3
DA:16,3
DA:17,3
DA:18,3
DA:19,6
DA:23,6
DA:25,6
DA:26,6
DA:27,6
DA:28,6
DA:29,6
LF:13
LH:13
end_of_record
SF:lib/Model/DBItems/Expert/expert.dart
DA:15,11
DA:26,11
DA:29,3
DA:30,3
DA:31,3
DA:32,3
DA:33,3
DA:34,6
DA:35,3
DA:36,3
DA:37,3
DA:38,3
DA:39,3
DA:40,3
DA:44,3
DA:46,6
DA:47,6
DA:48,6
DA:49,9
DA:50,6
DA:51,6
DA:52,6
DA:53,6
DA:54,6
DA:55,6
DA:58,8
DA:60,8
DA:61,8
DA:62,8
DA:63,8
DA:64,8
DA:65,8
DA:66,8
DA:67,8
DA:68,8
DA:69,8
DA:70,8
LF:37
LH:37
end_of_record
SF:lib/Model/DBItems/message.dart
DA:12,10
DA:15,3
DA:16,3
DA:17,3
DA:18,3
DA:19,3
DA:20,3
DA:21,3
DA:22,3
DA:26,3
DA:28,3
DA:29,3
DA:30,3
DA:31,6
DA:32,3
LF:15
LH:15
end_of_record
SF:lib/Model/DBItems/user.dart
DA:11,23
DA:12,23
DA:17,8
LF:3
LH:3
end_of_record
SF:lib/Model/Services/firebase_auth_service.dart
DA:15,10
DA:24,1
DA:25,2
DA:35,1
DA:36,2
DA:56,0
DA:57,0
DA:58,0
DA:64,0
DA:66,0
DA:67,0
DA:68,0
DA:69,0
DA:74,0
DA:77,0
DA:79,0
DA:81,0
DA:84,0
DA:85,0
DA:86,0
DA:88,0
DA:91,0
DA:92,0
DA:93,0
DA:94,0
DA:95,0
DA:98,0
DA:103,0
DA:123,0
DA:124,0
DA:125,0
DA:126,0
DA:127,0
DA:131,0
DA:134,0
DA:135,0
DA:138,0
DA:139,0
DA:140,0
DA:141,0
DA:142,0
DA:143,0
DA:147,0
DA:151,1
DA:153,3
DA:154,1
DA:155,0
DA:156,0
DA:163,1
DA:164,2
DA:170,1
DA:171,5
DA:175,1
DA:177,3
DA:178,1
DA:179,2
DA:184,1
DA:185,6
DA:189,1
DA:190,1
DA:191,4
DA:192,1
DA:199,0
DA:200,0
DA:204,4
LF:65
LH:23
end_of_record
SF:lib/Views/Signup/BaseUser/components/form/base_user_signup_form.dart
DA:23,1
DA:25,5
DA:29,0
DA:30,0
DA:31,0
DA:32,0
DA:33,0
DA:38,0
DA:40,0
DA:42,0
LF:10
LH:2
end_of_record
SF:lib/Model/Chat/active_chat.dart
DA:16,7
DA:17,7
DA:27,3
DA:28,3
DA:29,3
DA:30,3
DA:31,3
DA:32,3
DA:33,6
LF:9
LH:9
end_of_record
SF:lib/Model/utils.dart
DA:8,27
DA:9,27
DA:10,54
DA:11,135
DA:13,27
DA:17,4
DA:18,12
DA:19,3
DA:21,4
DA:26,4
DA:27,4
DA:28,36
LF:12
LH:12
end_of_record
SF:lib/Model/Chat/request.dart
DA:16,7
DA:17,7
DA:27,2
DA:28,2
DA:29,2
DA:30,2
DA:31,2
DA:32,2
DA:33,4
LF:9
LH:9
end_of_record
SF:lib/Model/Chat/expert_chat.dart
DA:16,8
DA:17,8
DA:27,3
DA:28,3
DA:29,3
DA:30,3
DA:31,3
DA:32,3
DA:33,6
LF:9
LH:9
end_of_record
SF:lib/Model/Chat/anonymous_chat.dart
DA:15,9
DA:16,9
DA:26,3
DA:27,3
DA:28,3
DA:29,3
DA:30,3
DA:31,3
DA:32,6
LF:9
LH:9
end_of_record
SF:lib/Views/Home/BaseUser/base_user_home_page_screen.dart
DA:38,2
DA:40,0
DA:41,0
DA:61,0
DA:63,0
DA:64,0
DA:65,0
DA:66,0
DA:67,0
DA:68,0
DA:69,0
DA:72,0
DA:73,0
DA:74,0
DA:77,0
DA:80,0
DA:83,0
DA:86,0
DA:89,0
DA:91,0
DA:93,0
DA:96,0
DA:98,0
DA:100,0
DA:101,0
DA:102,0
DA:103,0
DA:104,0
DA:108,0
DA:109,0
DA:110,0
DA:111,0
DA:112,0
DA:113,0
DA:123,0
DA:124,0
DA:125,0
DA:126,0
DA:127,0
DA:128,0
LF:40
LH:1
end_of_record
SF:lib/Model/DBItems/db_item.dart
DA:8,28
LF:1
LH:1
end_of_record
SF:lib/Views/Home/Expert/expert_home_page_screen.dart
DA:31,2
DA:33,0
DA:34,0
DA:46,0
DA:48,0
DA:51,0
DA:54,0
DA:56,0
DA:58,0
DA:61,0
DA:63,0
DA:65,0
DA:66,0
DA:67,0
DA:71,0
DA:72,0
DA:73,0
DA:74,0
DA:75,0
DA:84,0
DA:85,0
DA:86,0
DA:87,0
LF:23
LH:1
end_of_record
SF:lib/Model/Services/notification_service.dart
DA:11,0
DA:13,0
DA:17,0
DA:18,0
DA:22,0
DA:23,0
DA:24,0
DA:25,0
DA:26,0
DA:27,0
DA:31,0
DA:33,0
DA:34,0
DA:35,0
DA:36,0
DA:42,0
DA:43,0
DA:48,0
DA:49,0
DA:50,0
DA:58,0
DA:59,0
DA:61,0
DA:63,0
DA:64,0
LF:25
LH:0
end_of_record
SF:lib/Router/app_router_delegate.dart
DA:30,0
DA:32,0
DA:33,0
DA:34,0
DA:35,0
DA:40,0
DA:41,0
DA:44,0
DA:48,1
DA:50,11
DA:51,2
DA:52,1
DA:53,1
DA:55,1
DA:61,1
DA:63,1
DA:64,1
DA:65,1
DA:67,1
DA:68,1
DA:70,1
DA:71,1
DA:73,1
DA:74,1
DA:76,1
DA:77,1
DA:79,1
DA:80,0
DA:82,1
DA:83,1
DA:85,1
DA:86,2
DA:88,1
DA:89,1
DA:91,1
DA:92,1
DA:94,1
DA:95,1
DA:97,1
DA:98,2
DA:100,1
DA:101,2
DA:103,1
DA:104,1
DA:106,1
DA:107,2
DA:109,1
DA:110,1
DA:113,1
DA:114,0
DA:115,5
DA:116,1
DA:117,1
DA:123,1
DA:124,12
DA:125,4
DA:126,1
DA:131,1
DA:132,12
DA:133,4
DA:138,1
DA:139,1
DA:143,1
DA:144,3
DA:148,1
DA:149,2
DA:150,2
DA:152,1
DA:153,1
DA:157,1
DA:158,1
DA:159,2
DA:160,2
DA:161,3
DA:163,1
DA:170,1
DA:171,4
DA:174,2
DA:175,4
DA:177,2
DA:178,3
DA:180,1
DA:186,1
DA:187,2
DA:188,1
DA:192,2
DA:195,0
LF:87
LH:76
end_of_record
SF:lib/Views/Map/map_screen.dart
DA:6,1
DA:8,1
DA:9,1
LF:3
LH:3
end_of_record
SF:lib/Views/Login/login_screen.dart
DA:10,2
DA:12,0
DA:14,0
DA:15,0
LF:4
LH:1
end_of_record
SF:lib/Views/Welcome/welcome_screen.dart
DA:25,2
DA:27,0
DA:28,0
DA:42,0
DA:44,0
DA:45,0
DA:46,0
DA:47,0
DA:50,0
DA:53,0
DA:55,0
DA:58,0
DA:60,0
DA:73,0
DA:74,0
DA:75,0
DA:76,0
DA:77,0
DA:78,0
DA:79,0
DA:80,0
DA:83,0
DA:84,0
DA:85,0
DA:86,0
DA:87,0
DA:88,0
DA:93,0
DA:96,0
DA:97,0
DA:98,0
DA:100,0
DA:103,0
DA:105,0
DA:106,0
LF:35
LH:1
end_of_record
SF:lib/Views/Diary/diary_page_screen.dart
DA:18,4
DA:20,1
DA:22,1
DA:24,1
LF:4
LH:4
end_of_record
SF:lib/Views/Signup/credential_screen.dart
DA:10,2
DA:12,0
DA:14,0
DA:15,0
LF:4
LH:1
end_of_record
SF:lib/Views/Report/reports_list_screen.dart
DA:37,2
DA:39,0
DA:40,0
DA:47,0
DA:49,0
DA:50,0
DA:53,0
DA:55,0
DA:56,0
DA:57,0
DA:58,0
DA:60,0
DA:65,0
DA:66,0
DA:67,0
DA:68,0
DA:69,0
DA:72,0
DA:74,0
DA:80,0
LF:20
LH:1
end_of_record
SF:lib/Views/Report/create_report_screen.dart
DA:17,2
DA:19,0
DA:21,0
DA:22,0
LF:4
LH:1
end_of_record
SF:lib/Views/Report/report_details_screen.dart
DA:17,0
DA:19,0
DA:21,0
DA:22,0
LF:4
LH:0
end_of_record
SF:lib/Views/Login/forgot_password_screen.dart
DA:12,2
DA:14,0
DA:16,0
DA:17,0
LF:4
LH:1
end_of_record
SF:lib/Views/Profile/expert_profile_screen.dart
DA:14,4
DA:16,1
DA:18,1
DA:19,2
LF:4
LH:4
end_of_record
SF:lib/Views/Chat/ChatPage/chat_page_screen.dart
DA:15,4
DA:17,1
DA:19,1
DA:20,1
LF:4
LH:4
end_of_record
SF:lib/Views/Chat/ChatList/chat_list_screen.dart
DA:43,2
DA:45,0
DA:46,0
DA:53,0
DA:55,0
DA:56,0
DA:59,0
DA:61,0
DA:62,0
DA:63,0
DA:64,0
DA:66,0
DA:71,0
DA:72,0
DA:73,0
DA:74,0
DA:75,0
DA:78,0
DA:80,0
DA:86,0
LF:20
LH:1
end_of_record
SF:lib/Views/Signup/Expert/experts_signup_screen.dart
DA:11,2
DA:13,0
DA:15,0
DA:16,0
LF:4
LH:1
end_of_record
SF:lib/Views/Signup/BaseUser/base_users_signup_screen.dart
DA:11,2
DA:13,0
DA:15,0
DA:16,0
LF:4
LH:1
end_of_record
SF:lib/ViewModel/BaseUser/Diary/diary_form.dart
DA:24,2
DA:25,2
DA:27,2
DA:28,2
DA:31,10
DA:34,10
DA:37,2
DA:38,7
DA:41,2
DA:42,4
DA:43,4
DA:44,2
DA:47,0
DA:49,0
DA:50,0
LF:15
LH:12
end_of_record
SF:lib/ViewModel/BaseUser/Diary/diary_view_model.dart
DA:36,1
DA:38,8
DA:39,8
DA:43,1
DA:44,1
DA:45,3
DA:46,2
DA:47,3
DA:48,3
DA:51,1
DA:52,9
DA:53,2
DA:54,1
DA:55,2
DA:56,2
DA:57,2
DA:62,1
DA:63,2
DA:64,1
DA:65,6
DA:66,6
DA:67,3
DA:68,1
DA:69,9
DA:70,2
DA:71,1
DA:72,2
DA:73,2
DA:74,2
DA:80,1
DA:81,3
DA:82,1
DA:83,6
DA:84,3
DA:85,2
DA:86,3
DA:87,1
DA:96,1
DA:97,7
DA:98,1
DA:99,2
DA:100,2
DA:102,3
DA:103,3
DA:104,2
DA:107,4
DA:108,2
DA:112,3
DA:118,1
DA:119,1
DA:126,1
DA:127,2
DA:128,3
DA:129,3
DA:130,1
DA:138,1
DA:139,2
DA:140,2
DA:141,2
DA:142,2
DA:143,1
DA:144,1
DA:148,1
DA:149,2
DA:150,3
DA:151,2
DA:152,1
DA:156,2
DA:162,2
DA:165,2
DA:168,3
DA:171,2
LF:72
LH:72
end_of_record
SF:lib/ViewModel/BaseUser/report_view_model.dart
DA:21,1
DA:22,1
DA:23,3
DA:24,2
DA:29,1
DA:30,6
DA:31,3
DA:32,1
DA:36,1
DA:37,7
DA:38,2
DA:39,1
DA:40,3
DA:41,3
DA:44,2
DA:45,2
DA:50,1
DA:51,2
DA:52,1
DA:56,1
DA:57,2
DA:58,1
DA:62,1
DA:63,2
DA:64,2
DA:65,1
DA:69,2
DA:75,2
LF:28
LH:28
end_of_record
SF:lib/ViewModel/auth_view_model.dart
DA:27,0
DA:29,0
DA:30,0
DA:31,0
DA:32,0
DA:34,0
DA:36,0
DA:37,0
DA:38,0
DA:40,0
DA:41,0
DA:52,0
DA:54,0
DA:55,0
DA:56,0
DA:57,0
DA:58,0
DA:59,0
DA:61,0
DA:63,0
DA:67,0
DA:69,0
DA:70,0
DA:71,0
DA:74,0
DA:76,0
DA:78,0
DA:79,0
DA:80,0
DA:83,0
DA:84,0
DA:95,0
DA:97,0
DA:98,0
DA:100,0
DA:102,0
DA:103,0
DA:104,0
DA:105,0
DA:106,0
DA:107,0
DA:108,0
DA:110,0
DA:113,0
DA:114,0
DA:115,0
DA:116,0
DA:117,0
DA:120,0
DA:121,0
DA:133,0
DA:135,0
DA:136,0
DA:138,0
DA:140,0
DA:141,0
DA:142,0
DA:143,0
DA:144,0
DA:145,0
DA:146,0
DA:148,0
DA:151,0
DA:152,0
DA:153,0
DA:154,0
DA:155,0
DA:158,0
DA:159,0
DA:164,0
DA:165,0
DA:171,0
DA:172,0
DA:176,0
DA:177,0
DA:179,0
DA:187,0
DA:188,0
DA:189,0
DA:193,0
DA:194,0
DA:195,0
DA:196,0
DA:197,0
DA:198,0
DA:204,0
DA:205,0
DA:206,0
DA:207,0
DA:211,0
DA:212,0
DA:216,0
DA:219,0
DA:222,0
LF:94
LH:0
end_of_record
SF:lib/ViewModel/chat_view_model.dart
DA:48,1
DA:49,8
DA:55,1
DA:56,4
DA:60,1
DA:61,4
DA:62,6
DA:63,4
DA:64,1
DA:65,1
DA:66,2
DA:67,2
DA:68,1
DA:69,3
DA:70,4
DA:71,3
DA:72,3
DA:73,2
DA:74,1
DA:75,2
DA:76,2
DA:77,1
DA:83,1
DA:84,3
DA:85,1
DA:86,5
DA:87,3
DA:88,4
DA:98,1
DA:99,6
DA:100,1
DA:101,2
DA:102,2
DA:105,3
DA:106,7
DA:107,4
DA:108,1
DA:109,5
DA:110,2
DA:114,5
DA:115,2
DA:116,2
DA:117,2
DA:118,5
DA:119,2
DA:123,3
DA:135,1
DA:136,6
DA:137,1
DA:138,2
DA:140,3
DA:141,2
DA:142,7
DA:143,4
DA:144,1
DA:145,5
DA:146,2
DA:151,3
DA:163,1
DA:164,6
DA:165,1
DA:166,2
DA:167,2
DA:169,3
DA:170,7
DA:171,4
DA:172,1
DA:173,5
DA:174,2
DA:178,5
DA:179,2
DA:180,2
DA:181,2
DA:182,5
DA:183,2
DA:187,3
DA:199,1
DA:200,6
DA:201,1
DA:202,2
DA:203,2
DA:205,3
DA:206,7
DA:207,4
DA:208,1
DA:209,5
DA:210,2
DA:214,5
DA:215,2
DA:216,2
DA:217,2
DA:218,5
DA:219,2
DA:223,3
DA:230,1
DA:231,2
DA:235,1
DA:236,7
DA:239,1
DA:241,2
DA:243,2
DA:246,2
DA:248,2
DA:250,2
DA:251,1
DA:256,1
DA:257,8
DA:258,7
DA:259,5
DA:260,2
DA:261,2
DA:268,1
DA:269,7
DA:270,6
DA:271,10
DA:272,1
DA:276,1
DA:277,1
DA:278,1
DA:282,1
DA:283,2
DA:284,1
DA:290,1
DA:291,2
DA:292,2
DA:293,1
DA:297,1
DA:299,2
DA:300,2
DA:301,2
DA:302,2
DA:305,6
DA:306,6
DA:307,6
DA:308,6
DA:311,3
DA:312,3
DA:313,3
DA:314,3
DA:317,2
DA:318,1
DA:322,2
DA:328,2
DA:334,2
DA:340,2
DA:346,2
DA:349,3
DA:352,2
DA:355,2
DA:358,2
DA:361,2
LF:151
LH:151
end_of_record
SF:lib/ViewModel/user_view_model.dart
DA:13,1
DA:14,2
DA:18,1
DA:19,2
DA:23,3
LF:5
LH:5
end_of_record
SF:lib/Views/Utils/constants.dart
DA:5,15
DA:6,0
DA:7,6
DA:8,15
DA:9,0
DA:10,0
DA:11,0
DA:12,6
DA:13,0
DA:14,3
LF:10
LH:5
end_of_record
SF:lib/Views/components/vertical_split_view.dart
DA:33,0
DA:41,0
DA:42,0
DA:43,0
DA:45,0
DA:46,0
DA:53,0
DA:55,0
DA:56,0
DA:59,0
DA:61,0
DA:62,0
DA:63,0
DA:64,0
DA:66,0
DA:68,0
DA:69,0
DA:70,0
DA:71,0
DA:72,0
DA:73,0
DA:74,0
DA:76,0
DA:77,0
DA:78,0
DA:79,0
DA:80,0
DA:81,0
DA:84,0
DA:85,0
DA:86,0
DA:87,0
DA:88,0
DA:89,0
DA:93,0
DA:94,0
DA:95,0
DA:96,0
DA:97,0
DA:100,0
DA:107,0
DA:109,0
LF:42
LH:0
end_of_record
SF:lib/Views/components/empty_landscape_body.dart
DA:9,0
DA:11,0
DA:13,0
DA:14,0
DA:15,0
DA:17,0
DA:18,0
DA:21,0
DA:22,0
DA:23,0
DA:24,0
DA:25,0
LF:12
LH:0
end_of_record
SF:lib/Views/Chat/ChatPage/components/chat_page_body.dart
DA:25,2
DA:27,1
DA:28,1
DA:42,1
DA:44,3
DA:45,3
DA:46,3
DA:49,2
DA:52,2
DA:55,2
DA:57,1
DA:60,1
DA:62,1
DA:63,1
DA:64,5
DA:67,1
DA:68,3
DA:71,0
DA:72,0
DA:74,6
DA:75,2
DA:79,0
DA:80,0
DA:81,0
DA:83,1
DA:84,1
DA:87,4
DA:88,1
DA:89,1
DA:91,3
DA:93,4
DA:96,1
DA:99,2
DA:112,0
DA:113,0
DA:114,0
DA:115,0
DA:117,0
DA:121,0
DA:123,0
DA:125,0
DA:126,0
DA:128,0
DA:132,1
DA:134,2
DA:135,2
DA:136,1
LF:47
LH:32
end_of_record
SF:lib/Views/Chat/ChatList/components/active_chat_list_body.dart
DA:10,0
DA:12,0
DA:13,0
DA:20,0
DA:22,0
DA:23,0
DA:26,0
DA:28,0
DA:29,0
DA:31,0
DA:32,0
DA:33,0
LF:12
LH:0
end_of_record
SF:lib/Views/Home/components/header.dart
DA:12,4
DA:14,2
DA:16,2
DA:18,2
DA:19,2
DA:21,2
DA:22,2
DA:24,2
DA:25,2
DA:26,4
DA:27,2
DA:30,4
LF:12
LH:12
end_of_record
SF:lib/Views/Chat/ChatList/components/chat_list_constructor.dart
DA:24,2
DA:26,1
DA:27,1
DA:34,1
DA:36,3
DA:37,1
DA:40,1
DA:42,1
DA:43,1
DA:44,2
DA:45,1
DA:46,1
DA:47,1
DA:48,1
DA:49,1
DA:53,1
DA:54,5
DA:55,0
DA:58,1
LF:19
LH:18
end_of_record
SF:lib/Views/Chat/ChatList/components/anonymous_chat_list_body.dart
DA:22,6
DA:24,1
DA:25,1
DA:38,1
DA:40,3
DA:41,3
DA:42,2
DA:43,1
DA:46,1
DA:48,1
DA:49,1
DA:50,1
DA:52,1
DA:53,1
DA:54,0
DA:55,0
DA:56,0
DA:59,1
DA:61,1
DA:62,2
DA:63,1
DA:64,2
DA:66,0
DA:67,0
DA:68,0
DA:70,0
DA:71,0
DA:72,0
DA:73,0
DA:74,0
DA:77,0
DA:80,1
DA:85,3
DA:89,1
DA:90,1
DA:91,1
DA:92,0
DA:93,0
DA:94,0
DA:109,1
DA:110,4
DA:111,2
DA:113,0
DA:114,0
DA:117,4
DA:122,1
DA:124,2
DA:125,1
LF:48
LH:31
end_of_record
SF:lib/Views/Utils/custom_sizer.dart
DA:7,54
DA:12,54
DA:15,63
LF:3
LH:3
end_of_record
SF:lib/Views/components/top_bar.dart
DA:27,4
DA:35,4
DA:37,4
DA:39,4
DA:41,4
DA:43,4
DA:44,4
DA:45,4
DA:46,4
DA:47,4
DA:49,4
DA:50,8
DA:51,4
DA:54,4
DA:55,8
DA:56,0
DA:57,0
DA:58,0
DA:59,0
DA:60,0
DA:65,0
DA:66,0
DA:68,8
DA:69,4
DA:71,4
DA:72,4
DA:73,10
DA:77,4
DA:78,4
DA:79,4
DA:80,4
DA:81,4
DA:82,18
LF:33
LH:26
end_of_record
SF:lib/Views/components/loading_dialog.dart
DA:11,0
DA:12,0
DA:13,0
DA:14,0
DA:15,0
DA:18,0
DA:19,0
DA:21,0
DA:22,0
DA:23,0
DA:24,0
DA:25,0
DA:26,0
DA:30,0
DA:32,0
DA:42,2
DA:45,1
DA:46,2
DA:47,2
LF:19
LH:4
end_of_record
SF:lib/Views/Chat/ChatList/components/pending_chat_list_body.dart
DA:10,2
DA:12,0
DA:13,0
DA:20,0
DA:22,0
DA:23,0
DA:26,0
DA:28,0
DA:29,0
DA:31,0
DA:32,0
DA:33,0
LF:12
LH:1
end_of_record
SF:lib/Views/Chat/ChatList/components/chat_list_item.dart
DA:41,2
DA:43,1
DA:44,1
DA:57,1
DA:59,3
DA:60,3
DA:61,3
DA:62,1
DA:65,1
DA:67,9
DA:70,11
DA:71,0
DA:72,0
DA:74,1
DA:75,1
DA:76,1
DA:77,1
DA:79,1
DA:80,1
DA:81,1
DA:82,1
DA:83,2
DA:85,4
DA:88,2
DA:91,0
DA:92,2
DA:94,1
DA:95,1
DA:98,1
DA:99,1
DA:100,7
DA:103,0
DA:104,0
DA:106,5
DA:109,2
DA:111,2
DA:112,1
DA:113,3
DA:116,3
DA:125,1
DA:127,1
DA:129,1
DA:130,1
DA:131,4
DA:134,5
DA:137,0
DA:138,3
DA:141,5
DA:142,2
DA:143,1
DA:144,1
DA:145,3
DA:146,1
DA:147,1
DA:148,4
DA:149,2
DA:159,0
DA:161,0
DA:162,0
DA:163,0
DA:165,0
DA:166,0
DA:170,1
DA:171,1
DA:172,2
DA:173,1
DA:174,3
LF:67
LH:55
end_of_record
SF:lib/Views/components/network_avatar.dart
DA:18,2
DA:20,1
DA:22,1
DA:23,1
DA:24,1
DA:26,1
DA:27,1
DA:28,1
DA:30,2
DA:31,2
DA:32,1
DA:36,0
DA:37,0
DA:38,0
DA:39,0
DA:41,0
LF:16
LH:11
end_of_record
SF:lib/Views/Chat/ChatList/components/expert_chat_list_body.dart
DA:13,6
DA:15,0
DA:16,0
DA:26,0
DA:28,0
DA:29,0
DA:30,0
DA:33,0
DA:35,0
DA:36,0
DA:37,0
DA:39,0
DA:40,0
DA:41,0
DA:45,0
DA:46,0
DA:47,0
DA:48,0
LF:18
LH:1
end_of_record
SF:lib/Views/Chat/ChatPage/components/chat_accept_deny.dart
DA:14,2
DA:16,1
DA:19,1
DA:22,1
DA:24,1
DA:25,1
DA:26,2
DA:27,1
DA:28,1
DA:29,1
DA:31,1
DA:32,1
DA:34,1
DA:36,1
DA:37,0
DA:38,0
DA:39,0
DA:41,0
DA:45,0
DA:49,2
DA:50,1
DA:52,1
DA:54,1
DA:55,0
DA:56,0
DA:58,0
LF:26
LH:18
end_of_record
SF:lib/Views/components/rounded_button.dart
DA:21,2
DA:31,2
DA:33,2
DA:35,2
DA:36,2
DA:37,2
DA:38,9
DA:39,6
DA:40,6
DA:41,6
DA:43,4
DA:44,2
DA:45,2
DA:47,2
DA:48,3
DA:49,2
DA:50,10
DA:51,2
DA:52,3
LF:19
LH:19
end_of_record
SF:lib/Views/Chat/ChatPage/components/chat_top_bar.dart
DA:31,1
DA:33,1
DA:41,0
DA:43,0
DA:45,1
DA:48,1
DA:51,1
DA:53,1
DA:55,1
DA:56,1
DA:57,1
DA:58,1
DA:59,1
DA:60,1
DA:62,4
DA:63,2
DA:64,1
DA:65,1
DA:66,0
DA:67,0
DA:68,0
DA:69,0
DA:70,0
DA:74,0
DA:75,1
DA:76,1
DA:77,1
DA:78,1
DA:80,2
DA:81,1
DA:82,2
DA:83,0
DA:84,0
DA:85,0
DA:87,1
DA:88,1
DA:89,2
DA:94,0
DA:96,0
DA:97,0
LF:40
LH:26
end_of_record
SF:lib/Views/Chat/ChatPage/components/chat_text_input.dart
DA:22,2
DA:24,1
DA:27,1
DA:29,1
DA:31,1
DA:32,1
DA:35,1
DA:37,1
DA:38,1
DA:39,1
DA:41,1
DA:42,4
DA:43,3
DA:45,1
DA:46,1
DA:51,1
DA:52,1
DA:60,2
DA:61,1
DA:64,1
DA:65,1
DA:66,1
DA:67,3
DA:68,2
DA:69,0
DA:71,0
DA:72,0
DA:73,0
DA:76,1
LF:29
LH:25
end_of_record
SF:lib/Views/Chat/ChatPage/components/message_list_constructor.dart
DA:32,2
DA:34,1
DA:35,1
DA:55,1
DA:57,3
DA:58,3
DA:59,5
DA:60,7
DA:61,2
DA:64,1
DA:66,1
DA:69,1
DA:71,1
DA:72,1
DA:73,1
DA:74,4
DA:75,1
DA:76,2
DA:77,1
DA:79,0
DA:80,0
DA:81,0
DA:83,0
DA:84,0
DA:87,1
DA:88,2
DA:89,1
DA:90,1
DA:91,1
DA:92,1
DA:93,4
DA:94,3
DA:96,1
DA:97,1
DA:98,2
DA:100,4
DA:101,4
DA:103,1
DA:107,0
DA:108,0
DA:109,0
DA:111,0
DA:112,0
DA:115,0
DA:116,0
DA:118,0
DA:119,0
DA:124,1
DA:128,0
DA:133,3
DA:134,0
DA:135,0
DA:136,0
DA:137,0
DA:138,0
DA:142,0
DA:143,0
DA:153,1
DA:154,3
DA:155,0
DA:156,0
DA:157,0
DA:160,0
DA:161,0
DA:162,0
DA:163,0
DA:164,0
DA:166,0
DA:167,0
DA:168,0
DA:169,0
DA:174,0
DA:175,0
DA:176,0
DA:177,0
DA:185,0
DA:186,0
DA:187,0
DA:188,0
DA:189,0
DA:190,0
DA:192,0
DA:193,0
DA:194,0
LF:84
LH:37
end_of_record
SF:lib/Views/Chat/ChatPage/components/date_item.dart
DA:16,2
DA:18,1
DA:20,1
DA:22,1
DA:23,1
DA:24,1
DA:25,1
DA:26,1
DA:27,4
DA:28,2
DA:31,1
DA:32,2
DA:33,1
DA:34,1
DA:35,1
DA:36,1
DA:38,1
LF:17
LH:17
end_of_record
SF:lib/Views/Chat/ChatPage/components/message_list_item.dart
DA:28,2
DA:30,1
DA:31,1
DA:41,1
DA:43,3
DA:44,3
DA:45,1
DA:48,1
DA:51,9
DA:54,7
DA:56,0
DA:59,0
DA:60,0
DA:61,0
DA:63,0
DA:65,0
DA:66,0
DA:73,1
DA:76,1
DA:77,3
DA:79,1
DA:81,1
DA:82,1
DA:84,1
DA:85,2
DA:89,1
DA:100,1
DA:101,1
DA:102,2
DA:103,1
DA:104,1
DA:107,1
DA:109,1
DA:110,1
DA:111,1
DA:112,1
DA:113,3
DA:114,2
DA:119,1
DA:120,1
DA:121,1
DA:122,5
DA:123,3
DA:128,1
DA:129,0
DA:130,2
DA:133,0
DA:137,1
DA:138,1
DA:139,1
DA:140,1
DA:141,1
DA:145,3
DA:150,1
DA:151,1
DA:152,1
DA:153,3
DA:155,1
DA:156,1
DA:165,1
DA:167,1
DA:169,3
DA:170,1
DA:171,1
DA:172,1
DA:173,1
DA:174,1
DA:176,1
DA:177,6
DA:179,1
DA:180,1
DA:183,0
LF:72
LH:62
end_of_record
SF:lib/Views/Chat/ChatPage/components/new_messages_item.dart
DA:15,2
DA:17,1
DA:19,1
DA:21,1
DA:22,1
DA:23,1
DA:24,1
DA:25,1
DA:27,1
DA:28,1
DA:29,2
DA:30,1
DA:31,4
DA:32,2
DA:35,2
DA:36,1
DA:39,1
DA:40,1
DA:41,1
LF:19
LH:19
end_of_record
SF:lib/Views/Diary/components/diary_body.dart
DA:35,2
DA:37,2
DA:52,1
DA:54,3
DA:55,3
DA:56,3
DA:57,3
DA:58,0
DA:59,0
DA:60,0
DA:65,1
DA:68,1
DA:70,1
DA:71,2
DA:72,1
DA:73,1
DA:74,1
DA:75,1
DA:76,1
DA:77,2
DA:78,1
DA:79,1
DA:81,3
DA:83,1
DA:85,1
DA:86,1
DA:88,1
DA:89,1
DA:90,1
DA:91,1
DA:92,1
DA:93,1
DA:94,1
DA:95,1
DA:96,2
DA:98,1
DA:101,2
DA:103,0
DA:104,1
DA:108,1
DA:109,0
DA:110,0
DA:111,0
DA:112,0
DA:114,0
DA:115,0
DA:116,0
DA:117,0
DA:119,0
DA:120,0
DA:121,0
DA:122,0
DA:123,0
DA:125,0
DA:126,0
DA:127,0
DA:128,0
DA:130,0
DA:131,0
DA:132,0
DA:138,0
DA:141,0
DA:142,0
DA:143,0
DA:145,0
DA:147,0
DA:148,0
DA:150,0
DA:154,0
DA:156,0
DA:157,0
DA:158,0
DA:159,0
DA:161,0
DA:177,5
DA:178,1
DA:179,1
DA:180,1
DA:181,1
DA:182,2
DA:183,2
DA:202,0
DA:203,0
DA:204,0
DA:205,0
DA:206,0
DA:207,0
DA:210,0
DA:211,0
DA:212,0
DA:213,0
DA:214,0
DA:215,0
DA:216,0
DA:218,0
DA:219,0
DA:220,0
DA:221,0
DA:222,0
DA:224,0
DA:241,1
DA:242,4
DA:243,4
DA:244,1
DA:245,1
DA:246,3
DA:247,5
DA:249,1
DA:250,8
DA:251,3
DA:252,1
DA:253,1
DA:254,1
DA:255,1
DA:256,8
DA:257,8
DA:258,1
DA:259,7
DA:260,1
DA:262,1
DA:263,3
DA:265,1
DA:266,4
DA:267,2
DA:270,1
DA:271,1
DA:274,3
DA:275,1
DA:276,1
DA:278,1
DA:279,6
DA:280,2
DA:281,0
DA:282,1
DA:283,4
DA:286,1
DA:290,0
DA:291,0
DA:292,0
DA:293,0
DA:294,0
DA:295,0
DA:296,0
DA:297,0
DA:298,0
DA:300,0
DA:301,0
DA:303,0
DA:304,0
DA:305,0
DA:308,0
DA:309,0
DA:312,0
DA:313,0
DA:314,0
DA:316,0
DA:317,0
DA:318,0
DA:319,0
DA:320,0
DA:321,0
DA:324,0
LF:162
LH:78
end_of_record
SF:lib/Views/Diary/components/diary_page_data_source.dart
DA:14,1
DA:15,1
DA:18,1
DA:20,3
DA:21,4
DA:24,1
DA:26,3
DA:27,4
LF:8
LH:8
end_of_record
SF:lib/Views/Diary/components/diary_page_body.dart
DA:35,2
DA:37,1
DA:38,1
DA:53,1
DA:55,3
DA:56,3
DA:59,2
DA:62,2
DA:64,1
DA:67,1
DA:70,3
DA:71,2
DA:72,2
DA:75,1
DA:76,1
DA:77,1
DA:79,1
DA:80,1
DA:81,6
DA:82,1
DA:84,2
DA:85,1
DA:86,3
DA:87,6
DA:89,1
DA:90,1
DA:91,1
DA:92,0
DA:93,0
DA:94,0
DA:95,0
DA:97,0
DA:99,3
DA:105,1
DA:106,1
DA:107,1
DA:108,0
DA:109,0
DA:110,0
DA:111,0
DA:113,1
DA:114,1
DA:115,4
DA:116,1
DA:117,1
DA:122,1
DA:125,1
DA:126,1
DA:127,3
DA:128,1
DA:129,4
DA:130,1
DA:131,0
DA:132,0
DA:133,0
DA:135,0
DA:137,0
DA:139,1
DA:140,1
DA:141,1
DA:145,0
DA:154,1
DA:155,2
DA:156,1
DA:157,1
DA:159,1
DA:160,3
DA:162,1
DA:164,1
DA:165,1
DA:167,1
DA:170,2
DA:171,1
DA:174,2
DA:176,2
DA:177,1
DA:180,3
DA:182,2
DA:184,2
DA:186,1
DA:187,1
DA:188,1
DA:189,1
DA:190,1
DA:191,1
DA:193,2
DA:194,2
DA:196,2
DA:199,1
DA:201,3
DA:217,1
DA:218,4
DA:220,0
DA:221,0
DA:222,0
DA:226,0
DA:230,1
DA:231,1
DA:235,0
DA:244,0
DA:245,0
DA:246,0
DA:247,0
DA:252,1
DA:254,2
DA:255,2
DA:256,1
LF:107
LH:83
end_of_record
SF:lib/Views/components/info_dialog.dart
DA:19,1
DA:29,1
DA:30,1
DA:31,0
DA:32,1
DA:33,1
DA:36,0
DA:37,0
DA:39,0
DA:40,0
DA:42,0
DA:43,0
DA:45,0
DA:46,0
DA:47,0
DA:48,0
DA:49,0
DA:50,0
DA:51,0
DA:52,0
DA:53,0
DA:54,0
DA:55,0
DA:56,0
DA:57,0
DA:61,0
DA:62,0
DA:63,0
DA:65,0
DA:66,0
DA:67,0
DA:68,0
DA:69,0
DA:72,0
DA:74,0
DA:78,0
DA:79,0
DA:80,0
DA:81,0
DA:82,0
DA:86,0
DA:87,0
DA:89,0
DA:91,0
DA:92,0
DA:93,0
DA:94,0
DA:95,0
DA:96,0
DA:97,0
DA:98,0
DA:100,0
DA:102,0
DA:104,0
DA:105,0
DA:106,0
DA:107,0
DA:109,0
DA:111,0
DA:112,0
DA:114,0
DA:115,0
DA:116,0
DA:132,34
DA:134,34
LF:65
LH:7
end_of_record
SF:lib/Views/Diary/diary_screen.dart
DA:43,34
DA:45,0
DA:46,0
DA:53,0
DA:55,0
DA:56,0
DA:59,0
DA:61,0
DA:64,0
DA:65,0
DA:66,0
DA:68,0
DA:73,0
DA:74,0
DA:75,0
DA:76,0
DA:77,0
DA:78,0
DA:79,0
LF:19
LH:1
end_of_record
SF:lib/Views/Settings/user_settings_screen.dart
DA:12,68
DA:14,0
DA:16,0
DA:18,0
LF:4
LH:1
end_of_record
SF:lib/Views/Home/BaseUser/components/base_user_home_page_body.dart
DA:14,36
DA:16,1
DA:18,1
DA:19,1
DA:21,1
DA:22,1
DA:23,1
DA:24,1
DA:25,1
DA:26,4
LF:10
LH:10
end_of_record
SF:lib/Views/Home/BaseUser/components/background.dart
DA:13,2
DA:15,1
DA:17,1
DA:20,1
DA:21,1
DA:23,2
DA:25,1
DA:26,1
DA:28,3
DA:31,3
DA:32,1
LF:11
LH:11
end_of_record
SF:lib/Views/Home/BaseUser/components/home_page_grid.dart
DA:19,2
DA:21,1
DA:24,1
DA:26,1
DA:27,1
DA:28,1
DA:29,1
DA:30,1
DA:31,1
DA:32,1
DA:33,2
DA:35,1
DA:38,3
DA:41,1
DA:44,3
DA:47,2
DA:49,1
DA:52,2
DA:55,1
DA:58,2
LF:20
LH:20
end_of_record
SF:lib/Views/Home/BaseUser/components/dash_card.dart
DA:20,2
DA:22,1
DA:24,1
DA:26,1
DA:27,2
DA:28,0
DA:29,0
DA:30,0
DA:31,1
DA:32,1
DA:33,2
DA:34,1
DA:36,3
DA:37,1
DA:38,4
DA:40,1
DA:43,2
DA:44,1
DA:45,1
DA:47,1
DA:49,1
DA:50,1
DA:52,3
DA:54,1
DA:55,1
DA:57,2
LF:26
LH:23
end_of_record
SF:lib/Views/Login/components/background.dart
DA:13,0
DA:15,0
DA:17,0
DA:20,0
DA:22,0
DA:24,0
DA:26,0
DA:27,0
LF:8
LH:0
end_of_record
SF:lib/Views/Login/components/login_body.dart
DA:26,0
DA:28,0
DA:29,0
DA:40,0
DA:42,0
DA:43,0
DA:44,0
DA:47,0
DA:49,0
DA:52,0
DA:54,0
DA:55,0
DA:56,0
DA:57,0
DA:58,0
DA:59,0
DA:61,0
DA:63,0
DA:65,0
DA:67,0
DA:68,0
DA:69,0
DA:70,0
DA:71,0
DA:72,0
DA:73,0
DA:74,0
DA:75,0
DA:77,0
DA:79,0
DA:80,0
DA:81,0
DA:82,0
DA:84,0
DA:85,0
DA:86,0
DA:87,0
DA:93,0
DA:94,0
DA:100,0
DA:102,0
DA:103,0
DA:104,0
DA:105,0
DA:107,0
DA:109,0
DA:111,0
DA:112,0
DA:113,0
DA:114,0
DA:126,0
DA:128,0
DA:129,0
DA:130,0
DA:131,0
DA:132,0
DA:133,0
DA:134,0
DA:135,0
DA:136,0
DA:138,0
DA:141,0
DA:145,0
DA:150,0
DA:151,0
DA:153,0
DA:154,0
DA:155,0
DA:158,0
DA:159,0
DA:160,0
DA:173,0
DA:174,0
DA:175,0
DA:179,0
DA:181,0
DA:182,0
LF:77
LH:0
end_of_record
SF:lib/Views/Login/components/forgot_password_body.dart
DA:24,0
DA:26,0
DA:27,0
DA:40,0
DA:42,0
DA:43,0
DA:44,0
DA:47,0
DA:49,0
DA:50,0
DA:51,0
DA:52,0
DA:53,0
DA:55,0
DA:57,0
DA:59,0
DA:61,0
DA:63,0
DA:64,0
DA:65,0
DA:66,0
DA:67,0
DA:68,0
DA:69,0
DA:70,0
DA:71,0
DA:73,0
DA:75,0
DA:76,0
DA:77,0
DA:78,0
DA:80,0
DA:81,0
DA:82,0
DA:86,0
DA:88,0
DA:91,0
DA:92,0
DA:94,0
DA:95,0
DA:101,0
DA:103,0
DA:104,0
DA:105,0
DA:106,0
DA:119,0
DA:120,0
DA:121,0
DA:131,0
LF:49
LH:0
end_of_record
SF:lib/Views/components/form_text_field.dart
DA:22,0
DA:31,0
DA:33,0
DA:35,0
DA:36,0
DA:37,0
DA:38,0
DA:39,0
DA:40,0
DA:41,0
DA:42,0
DA:44,0
DA:45,0
DA:46,0
DA:47,0
LF:15
LH:0
end_of_record
SF:lib/Views/Login/components/forms/forgot_password_form.dart
DA:10,0
DA:12,0
DA:16,0
DA:18,0
DA:20,0
LF:5
LH:0
end_of_record
SF:lib/Views/Login/components/forms/login_form.dart
DA:10,0
DA:12,0
DA:16,0
DA:18,0
DA:20,0
LF:5
LH:0
end_of_record
SF:lib/Views/Map/components/map_body.dart
DA:40,2
DA:42,1
DA:43,1
DA:72,1
DA:74,3
DA:75,3
DA:76,2
DA:79,5
DA:82,5
DA:83,1
DA:87,1
DA:90,3
DA:92,4
DA:95,0
DA:99,4
DA:100,4
DA:109,0
DA:112,1
DA:115,1
DA:117,1
DA:118,1
DA:119,3
DA:122,0
DA:123,0
DA:124,0
DA:125,0
DA:126,0
DA:127,0
DA:128,0
DA:131,0
DA:132,0
DA:134,0
DA:138,0
DA:139,0
DA:140,0
DA:141,0
DA:142,0
DA:143,0
DA:145,0
DA:153,1
DA:155,1
DA:157,1
DA:159,1
DA:160,2
DA:161,1
DA:162,1
DA:163,0
DA:164,0
DA:165,0
DA:167,0
DA:169,0
DA:172,0
DA:173,0
DA:174,0
DA:175,0
DA:176,0
DA:178,0
DA:180,0
DA:183,0
DA:184,0
DA:185,0
DA:187,0
DA:188,0
DA:189,0
DA:190,0
DA:191,0
DA:192,0
DA:193,0
DA:202,1
DA:207,1
DA:208,1
DA:209,1
DA:210,2
DA:211,0
DA:212,0
DA:213,0
DA:214,1
DA:215,3
DA:225,1
DA:226,4
DA:227,2
DA:228,1
DA:229,12
DA:230,5
DA:231,1
DA:232,0
DA:233,0
DA:234,0
DA:235,0
DA:240,2
DA:248,1
DA:249,4
DA:251,0
DA:253,1
DA:259,0
DA:260,0
DA:261,0
DA:262,0
DA:271,1
DA:272,1
DA:273,0
DA:274,0
DA:275,0
DA:276,0
DA:277,0
DA:280,0
DA:281,0
DA:282,0
DA:283,0
DA:284,0
DA:287,2
DA:290,1
DA:303,1
DA:304,1
DA:305,2
DA:306,1
DA:307,1
DA:311,1
DA:312,2
DA:315,1
DA:317,1
DA:318,0
DA:319,1
DA:320,4
DA:321,3
DA:322,2
DA:323,1
DA:324,1
DA:325,0
DA:326,0
DA:327,0
DA:328,0
DA:330,0
DA:333,1
DA:334,1
DA:340,2
DA:341,2
DA:342,1
DA:346,1
DA:347,6
DA:349,0
DA:350,0
DA:351,0
DA:352,0
DA:353,0
DA:354,0
DA:360,0
DA:361,0
DA:362,0
DA:364,0
DA:365,0
DA:366,0
DA:369,0
DA:378,1
DA:380,2
DA:381,2
DA:382,1
LF:157
LH:75
end_of_record
SF:lib/Views/Map/components/map_info_window.dart
DA:24,0
DA:26,0
DA:28,0
DA:30,0
DA:31,0
DA:32,0
DA:33,0
DA:34,0
DA:36,0
DA:37,0
DA:39,0
DA:40,0
DA:41,0
DA:43,0
DA:45,0
DA:46,0
DA:47,0
DA:48,0
DA:49,0
DA:50,0
DA:52,0
DA:53,0
DA:54,0
DA:55,0
DA:56,0
DA:59,0
DA:64,0
DA:66,0
DA:67,0
DA:68,0
DA:69,0
DA:70,0
DA:73,0
DA:86,0
DA:88,0
DA:89,0
DA:90,0
DA:91,0
DA:95,0
DA:96,0
DA:97,0
DA:98,0
DA:100,0
DA:101,0
DA:102,0
DA:109,0
DA:117,0
DA:119,0
DA:121,0
DA:122,0
DA:123,0
DA:124,0
DA:128,0
LF:53
LH:0
end_of_record
SF:lib/Views/Profile/components/expert_profile_body.dart
DA:37,2
DA:39,1
DA:40,1
DA:50,1
DA:52,3
DA:53,3
DA:54,1
DA:57,1
DA:59,1
DA:60,1
DA:62,1
DA:63,1
DA:64,1
DA:65,1
DA:67,1
DA:68,1
DA:69,1
DA:71,1
DA:73,1
DA:75,1
DA:76,1
DA:77,1
DA:78,1
DA:79,0
DA:91,1
DA:92,2
DA:93,4
DA:96,1
DA:97,2
DA:98,1
DA:99,3
DA:100,1
DA:101,4
DA:102,2
DA:106,1
DA:107,1
DA:108,2
DA:109,4
DA:110,1
DA:111,1
DA:112,1
DA:113,3
DA:114,1
DA:116,1
DA:117,1
DA:118,1
DA:119,2
DA:120,1
DA:121,1
DA:122,6
DA:123,0
DA:124,0
DA:127,0
DA:132,0
DA:133,0
DA:137,0
DA:138,0
DA:140,0
DA:148,2
DA:150,1
DA:151,1
DA:152,1
DA:153,2
DA:154,1
DA:155,6
DA:156,0
DA:157,0
DA:162,2
DA:164,1
DA:165,1
DA:166,1
DA:167,2
DA:168,1
DA:169,1
DA:170,6
DA:171,0
DA:176,2
DA:177,1
DA:178,3
DA:180,0
DA:181,0
DA:183,0
DA:184,0
DA:185,0
DA:187,0
DA:188,0
DA:189,0
DA:193,0
DA:194,0
DA:198,0
DA:201,1
DA:202,2
DA:208,3
DA:210,1
DA:211,1
DA:213,1
DA:214,5
DA:215,3
DA:217,3
DA:218,2
DA:219,1
DA:223,0
DA:224,0
DA:228,1
DA:231,0
DA:232,2
DA:238,0
DA:239,0
DA:240,0
DA:241,0
DA:242,0
DA:243,0
DA:245,0
LF:113
LH:80
end_of_record
SF:lib/Views/Settings/components/user_settings_body.dart
DA:39,0
DA:41,0
DA:42,0
DA:56,0
DA:58,0
DA:59,0
DA:60,0
DA:61,0
DA:64,0
DA:66,0
DA:69,0
DA:71,0
DA:72,0
DA:74,0
DA:75,0
DA:76,0
DA:77,0
DA:79,0
DA:80,0
DA:81,0
DA:84,0
DA:87,0
DA:90,0
DA:97,0
DA:99,0
DA:100,0
DA:101,0
DA:102,0
DA:103,0
DA:104,0
DA:105,0
DA:109,0
DA:110,0
DA:111,0
DA:112,0
DA:113,0
DA:114,0
DA:115,0
DA:116,0
DA:117,0
DA:119,0
DA:120,0
DA:121,0
DA:122,0
DA:123,0
DA:124,0
DA:126,0
DA:129,0
DA:132,0
DA:133,0
DA:134,0
DA:135,0
DA:136,0
DA:137,0
DA:140,0
DA:143,0
DA:144,0
DA:145,0
DA:146,0
DA:147,0
DA:150,0
DA:152,0
DA:153,0
DA:154,0
DA:155,0
DA:156,0
DA:157,0
DA:158,0
DA:159,0
DA:160,0
DA:161,0
DA:162,0
DA:163,0
DA:165,0
DA:167,0
DA:168,0
DA:169,0
DA:170,0
DA:173,0
DA:178,0
DA:182,0
DA:187,0
DA:188,0
DA:189,0
DA:190,0
DA:191,0
DA:192,0
DA:193,0
DA:196,0
DA:199,0
DA:200,0
DA:201,0
DA:202,0
DA:203,0
DA:204,0
DA:206,0
DA:209,0
DA:212,0
DA:215,0
DA:216,0
DA:217,0
DA:219,0
DA:221,0
DA:222,0
DA:224,0
DA:226,0
DA:228,0
DA:229,0
DA:230,0
DA:234,0
DA:236,0
DA:237,0
DA:238,0
DA:243,0
DA:245,0
DA:246,0
DA:247,0
DA:248,0
DA:250,0
DA:252,0
DA:254,0
DA:255,0
DA:257,0
DA:259,0
DA:262,0
DA:268,0
DA:269,0
DA:271,0
DA:273,0
DA:275,0
DA:278,0
DA:284,0
DA:285,0
DA:287,0
DA:289,0
DA:291,0
DA:292,0
DA:294,0
DA:296,0
DA:299,0
DA:305,0
DA:306,0
DA:308,0
DA:310,0
DA:312,0
DA:315,0
DA:324,0
DA:325,0
DA:326,0
DA:327,0
DA:328,0
DA:332,0
DA:336,0
DA:338,0
DA:339,0
DA:345,1
LF:156
LH:1
end_of_record
SF:lib/Views/Report/components/create_report_body.dart
DA:25,0
DA:27,0
DA:28,0
DA:38,0
DA:40,0
DA:41,0
DA:42,0
DA:45,0
DA:47,0
DA:48,0
DA:49,0
DA:51,0
DA:53,0
DA:54,0
DA:55,0
DA:57,0
DA:58,0
DA:59,0
DA:60,0
DA:61,0
DA:62,0
DA:66,0
DA:70,0
DA:71,0
DA:72,0
DA:73,0
DA:74,0
DA:75,0
DA:76,0
DA:77,0
DA:78,0
DA:79,0
DA:80,0
DA:81,0
DA:83,0
DA:85,0
DA:86,0
DA:87,0
DA:88,0
DA:89,0
DA:90,0
DA:91,0
DA:92,0
DA:93,0
DA:95,0
DA:96,0
DA:97,0
DA:98,0
DA:102,0
DA:104,0
DA:105,0
DA:106,0
DA:109,0
DA:111,0
DA:113,0
DA:115,0
DA:116,0
DA:117,0
DA:119,0
DA:121,0
DA:122,0
DA:124,0
DA:126,0
DA:128,0
DA:130,0
DA:133,0
DA:135,0
DA:137,0
DA:138,0
DA:141,0
DA:143,0
DA:145,0
DA:146,0
DA:147,0
LF:74
LH:0
end_of_record
SF:lib/Views/Report/components/form/report_form.dart
DA:10,0
DA:12,0
DA:30,0
DA:31,0
DA:32,0
DA:33,0
DA:34,0
DA:35,0
DA:36,0
DA:37,0
DA:38,0
LF:11
LH:0
end_of_record
SF:lib/Views/Report/components/report_details_body.dart
DA:22,2
DA:24,1
DA:25,1
DA:35,1
DA:37,3
DA:38,3
DA:41,2
DA:43,1
DA:46,1
DA:48,1
DA:49,1
DA:51,1
DA:52,2
DA:53,4
DA:54,1
DA:56,3
DA:58,1
DA:59,1
DA:60,1
DA:61,1
DA:62,1
DA:64,1
DA:65,1
DA:67,1
DA:68,1
DA:69,1
DA:71,2
DA:75,1
DA:76,1
DA:77,6
DA:78,3
DA:83,2
DA:85,1
DA:86,4
DA:88,2
DA:101,0
DA:102,0
DA:103,0
DA:107,1
DA:109,2
DA:110,2
DA:111,1
LF:42
LH:39
end_of_record
SF:lib/Views/Report/components/report_list_body.dart
DA:21,2
DA:23,1
DA:24,1
DA:34,1
DA:36,3
DA:37,3
DA:38,1
DA:41,1
DA:43,1
DA:44,1
DA:45,3
DA:46,1
DA:47,1
DA:48,1
DA:49,1
DA:50,1
DA:51,9
DA:52,3
DA:53,1
DA:54,1
DA:55,1
DA:56,1
DA:57,1
DA:58,2
DA:59,2
DA:61,1
DA:62,1
DA:63,2
DA:66,1
DA:67,1
DA:68,1
DA:69,5
DA:70,1
DA:71,14
DA:72,2
DA:78,1
DA:79,2
DA:80,3
DA:81,2
DA:84,1
DA:85,2
DA:86,4
DA:91,3
LF:43
LH:43
end_of_record
SF:lib/Views/components/social_icon.dart
DA:17,0
DA:19,0
DA:21,0
DA:22,0
DA:23,0
DA:24,0
DA:25,0
DA:26,0
DA:27,0
LF:9
LH:0
end_of_record
SF:lib/Views/Signup/BaseUser/components/base_user_info_body.dart
DA:25,0
DA:27,0
DA:30,0
DA:31,0
DA:33,0
DA:34,0
DA:35,0
DA:36,0
DA:37,0
DA:38,0
DA:40,0
DA:42,0
DA:45,0
DA:48,0
DA:50,0
DA:51,0
DA:52,0
DA:54,0
DA:55,0
DA:56,0
DA:57,0
DA:58,0
DA:59,0
DA:60,0
DA:61,0
DA:62,0
DA:64,0
DA:66,0
DA:67,0
DA:68,0
DA:69,0
DA:71,0
DA:72,0
DA:73,0
DA:74,0
DA:75,0
DA:76,0
DA:77,0
DA:78,0
DA:79,0
DA:80,0
DA:81,0
DA:83,0
DA:85,0
DA:86,0
DA:89,0
DA:91,0
DA:92,0
DA:93,0
DA:94,0
LF:50
LH:0
end_of_record
SF:lib/Views/Signup/components/background.dart
DA:15,0
DA:17,0
DA:19,0
DA:22,0
DA:24,0
DA:26,0
DA:28,0
DA:29,0
LF:8
LH:0
end_of_record
SF:lib/Views/Utils/field_bloc_validators.dart
DA:13,0
DA:14,0
DA:15,0
DA:28,0
DA:30,0
DA:31,0
LF:6
LH:0
end_of_record
SF:lib/Views/Signup/Expert/components/experts_info_body.dart
DA:30,0
DA:32,0
DA:33,0
DA:48,0
DA:50,0
DA:51,0
DA:52,0
DA:55,0
DA:57,0
DA:58,0
DA:59,0
DA:60,0
DA:61,0
DA:62,0
DA:63,0
DA:65,0
DA:67,0
DA:70,0
DA:73,0
DA:75,0
DA:76,0
DA:77,0
DA:79,0
DA:80,0
DA:81,0
DA:84,0
DA:86,0
DA:87,0
DA:88,0
DA:91,0
DA:94,0
DA:95,0
DA:96,0
DA:98,0
DA:104,0
DA:106,0
DA:107,0
DA:108,0
DA:109,0
DA:110,0
DA:111,0
DA:112,0
DA:113,0
DA:115,0
DA:117,0
DA:118,0
DA:119,0
DA:121,0
DA:122,0
DA:126,0
DA:128,0
DA:129,0
DA:130,0
DA:135,0
DA:137,0
DA:138,0
DA:140,0
DA:143,0
DA:144,0
DA:145,0
DA:146,0
DA:147,0
DA:148,0
DA:149,0
DA:150,0
DA:151,0
DA:152,0
DA:154,0
DA:156,0
DA:157,0
DA:159,0
DA:160,0
DA:164,0
DA:165,0
DA:166,0
DA:170,0
DA:171,0
DA:176,0
DA:177,0
DA:190,0
DA:192,0
DA:194,0
DA:195,0
DA:196,0
DA:198,0
DA:200,0
DA:208,0
DA:209,0
DA:210,0
DA:212,0
DA:217,0
DA:218,0
DA:220,0
DA:222,0
DA:229,0
DA:233,0
DA:234,0
DA:235,0
LF:98
LH:0
end_of_record
SF:lib/Views/Signup/Expert/components/form/expert_signup_form.dart
DA:16,0
DA:18,0
DA:47,0
DA:49,0
DA:50,0
DA:51,0
DA:52,0
DA:53,0
DA:54,0
DA:55,0
DA:56,0
DA:57,0
DA:62,0
DA:63,0
DA:64,0
DA:65,0
DA:66,0
DA:68,0
LF:18
LH:0
end_of_record
SF:lib/Views/Signup/components/credential_body.dart
DA:26,0
DA:28,0
DA:29,0
DA:41,0
DA:43,0
DA:44,0
DA:45,0
DA:46,0
DA:49,0
DA:51,0
DA:54,0
DA:56,0
DA:57,0
DA:58,0
DA:60,0
DA:62,0
DA:64,0
DA:67,0
DA:68,0
DA:69,0
DA:70,0
DA:71,0
DA:72,0
DA:73,0
DA:74,0
DA:75,0
DA:76,0
DA:77,0
DA:79,0
DA:81,0
DA:82,0
DA:83,0
DA:84,0
DA:86,0
DA:87,0
DA:89,0
DA:90,0
DA:91,0
DA:92,0
DA:98,0
DA:99,0
DA:104,0
DA:105,0
DA:106,0
DA:110,0
DA:111,0
DA:117,0
DA:119,0
DA:120,0
DA:121,0
DA:122,0
DA:135,0
DA:137,0
DA:138,0
DA:139,0
DA:140,0
DA:141,0
DA:142,0
DA:143,0
DA:144,0
DA:145,0
DA:147,0
DA:150,0
DA:154,0
DA:159,0
DA:160,0
DA:162,0
DA:163,0
DA:164,0
DA:167,0
DA:168,0
DA:169,0
DA:181,0
DA:182,0
DA:183,0
DA:185,0
DA:189,0
DA:197,0
DA:198,0
DA:199,0
DA:203,0
DA:205,0
DA:206,0
DA:207,0
LF:84
LH:0
end_of_record
SF:lib/Views/Signup/components/form/credential_form.dart
DA:10,0
DA:12,0
DA:13,0
DA:16,0
DA:20,0
DA:22,0
DA:24,0
LF:7
LH:0
end_of_record
SF:lib/Views/Welcome/components/background.dart
DA:13,0
DA:15,0
DA:17,0
DA:20,0
DA:22,0
DA:24,0
DA:26,0
DA:27,0
LF:8
LH:0
end_of_record
SF:lib/Views/Welcome/components/welcome_body.dart
DA:41,34
DA:43,0
DA:44,0
DA:62,0
DA:64,0
DA:65,0
DA:66,0
DA:67,0
DA:68,0
DA:69,0
DA:70,0
DA:71,0
DA:72,0
DA:75,0
DA:77,0
DA:78,0
DA:79,0
DA:80,0
DA:82,0
DA:84,0
DA:86,0
DA:87,0
DA:89,0
DA:90,0
DA:91,0
DA:92,0
DA:96,0
DA:98,0
DA:99,0
DA:100,0
DA:101,0
DA:104,0
DA:107,0
DA:108,0
DA:110,0
DA:112,0
DA:113,0
DA:115,0
DA:116,0
DA:117,0
DA:120,0
DA:122,0
DA:123,0
DA:124,0
DA:129,0
DA:131,0
DA:132,0
DA:133,0
DA:134,0
DA:135,0
DA:136,0
DA:137,0
DA:138,0
DA:139,0
DA:141,0
DA:144,0
DA:148,0
DA:153,0
DA:154,0
DA:157,0
DA:159,0
DA:160,0
DA:161,0
DA:179,0
DA:180,0
DA:183,0
DA:184,0
DA:185,0
DA:186,0
DA:188,0
DA:192,0
DA:193,0
DA:194,0
DA:195,0
DA:196,0
DA:201,0
DA:203,0
DA:204,0
LF:78
LH:1
end_of_record
SF:lib/Views/Welcome/components/or_divider.dart
DA:10,0
DA:12,0
DA:14,0
DA:15,0
DA:16,0
DA:17,0
DA:18,0
DA:19,0
DA:20,0
DA:22,0
DA:24,0
LF:11
LH:0
end_of_record
